<?xml version="1.0" encoding="UTF-8"?>
<!-- Generated by org.testng.reporters.JUnitXMLReporter -->
<testsuite hostname="DESKTOP-9IA1RTS" ignored="0" name="Default test" tests="3" failures="0" timestamp="01 Apr 2018 08:05:55 GMT" time="11.437" errors="0">
  <testcase name="cd" time="11.408" classname="org.start.Project102.One"/>
  <testcase name="one_tc1" time="0.0" classname="org.start.Project102.One"/>
  <testcase name="one_tc2" time="0.0" classname="org.start.Project102.One"/>
</testsuite> <!-- Default test -->
