<?xml version="1.0" encoding="UTF-8"?>
<!-- Generated by org.testng.reporters.JUnitXMLReporter -->
<testsuite hostname="DESKTOP-9IA1RTS" ignored="0" name="Test" tests="5" failures="0" timestamp="01 Apr 2018 08:12:00 GMT" time="10.03" errors="0">
  <testcase name="two_tc3" time="0.016" classname="org.start.Project102.Two"/>
  <testcase name="two_tc4" time="0.0" classname="org.start.Project102.Two"/>
  <testcase name="one_tc1" time="0.0" classname="org.start.Project102.One"/>
  <testcase name="one_tc2" time="0.0" classname="org.start.Project102.One"/>
  <testcase name="sg" time="9.983" classname="org.start.Project102.One"/>
</testsuite> <!-- Test -->
