<?xml version="1.0" encoding="UTF-8"?>
<testsuite xmlns:xsi="http://www.w3.org/2001/XMLSchema-instance" xsi:noNamespaceSchemaLocation="https://maven.apache.org/surefire/maven-surefire-plugin/xsd/surefire-test-report.xsd" name="TestSuite" time="9.978" tests="5" errors="0" skipped="0" failures="0">
  <properties>
[...]
</properties>
  <testcase name="two_tc3" classname="org.start.Project102.Two" time="0.015"/>
  <testcase name="two_tc4" classname="org.start.Project102.Two" time="0"/>
  <testcase name="one_tc1" classname="org.start.Project102.One" time="0"/>
  <testcase name="one_tc2" classname="org.start.Project102.One" time="0"/>
  <testcase name="sg" classname="org.start.Project102.One" time="9.477"/>
</testsuite>