<?xml version="1.0" encoding="UTF-8"?>
<testng-results skipped="0" failed="0" ignored="0" total="5" passed="5">
  <reporter-output>
  </reporter-output>
  <suite name="Suite" duration-ms="10030" started-at="2018-04-01T08:11:50Z" finished-at="2018-04-01T08:12:00Z">
    <groups>
    </groups>
    <test name="Test" duration-ms="10030" started-at="2018-04-01T08:11:50Z" finished-at="2018-04-01T08:12:00Z">
      <class name="org.start.Project102.One">
        <test-method status="PASS" signature="one_tc1()[pri:0, instance:org.start.Project102.One@68be2bc2]" name="one_tc1" duration-ms="0" started-at="2018-04-01T13:41:50Z" finished-at="2018-04-01T13:41:50Z">
          <reporter-output>
          </reporter-output>
        </test-method> <!-- one_tc1 -->
        <test-method status="PASS" signature="one_tc2()[pri:0, instance:org.start.Project102.One@68be2bc2]" name="one_tc2" duration-ms="0" started-at="2018-04-01T13:41:50Z" finished-at="2018-04-01T13:41:50Z">
          <reporter-output>
          </reporter-output>
        </test-method> <!-- one_tc2 -->
        <test-method status="PASS" signature="sg()[pri:0, instance:org.start.Project102.One@68be2bc2]" name="sg" duration-ms="9983" started-at="2018-04-01T13:41:50Z" finished-at="2018-04-01T13:42:00Z">
          <reporter-output>
          </reporter-output>
        </test-method> <!-- sg -->
      </class> <!-- org.start.Project102.One -->
      <class name="org.start.Project102.Two">
        <test-method status="PASS" signature="two_tc3()[pri:0, instance:org.start.Project102.Two@2a2d45ba]" name="two_tc3" duration-ms="16" started-at="2018-04-01T13:41:50Z" finished-at="2018-04-01T13:41:50Z">
          <reporter-output>
          </reporter-output>
        </test-method> <!-- two_tc3 -->
        <test-method status="PASS" signature="two_tc4()[pri:0, instance:org.start.Project102.Two@2a2d45ba]" name="two_tc4" duration-ms="0" started-at="2018-04-01T13:41:50Z" finished-at="2018-04-01T13:41:50Z">
          <reporter-output>
          </reporter-output>
        </test-method> <!-- two_tc4 -->
      </class> <!-- org.start.Project102.Two -->
    </test> <!-- Test -->
  </suite> <!-- Suite -->
</testng-results>
