<?xml version="1.0" encoding="UTF-8"?>
<testng-results skipped="0" failed="0" ignored="0" total="4" passed="4">
  <reporter-output>
  </reporter-output>
  <suite name="Suite" duration-ms="50" started-at="2018-03-30T20:35:31Z" finished-at="2018-03-30T20:35:31Z">
    <groups>
    </groups>
    <test name="Test" duration-ms="50" started-at="2018-03-30T20:35:31Z" finished-at="2018-03-30T20:35:31Z">
      <class name="org.start.Project102.One">
        <test-method status="PASS" signature="one_tc1()[pri:0, instance:org.start.Project102.One@58651fd0]" name="one_tc1" duration-ms="11" started-at="2018-03-31T02:05:31Z" finished-at="2018-03-31T02:05:31Z">
          <reporter-output>
          </reporter-output>
        </test-method> <!-- one_tc1 -->
        <test-method status="PASS" signature="one_tc2()[pri:0, instance:org.start.Project102.One@58651fd0]" name="one_tc2" duration-ms="2" started-at="2018-03-31T02:05:31Z" finished-at="2018-03-31T02:05:31Z">
          <reporter-output>
          </reporter-output>
        </test-method> <!-- one_tc2 -->
      </class> <!-- org.start.Project102.One -->
      <class name="org.start.Project102.Two">
        <test-method status="PASS" signature="two_tc3()[pri:0, instance:org.start.Project102.Two@7dc7cbad]" name="two_tc3" duration-ms="3" started-at="2018-03-31T02:05:31Z" finished-at="2018-03-31T02:05:31Z">
          <reporter-output>
          </reporter-output>
        </test-method> <!-- two_tc3 -->
        <test-method status="PASS" signature="two_tc4()[pri:0, instance:org.start.Project102.Two@7dc7cbad]" name="two_tc4" duration-ms="1" started-at="2018-03-31T02:05:31Z" finished-at="2018-03-31T02:05:31Z">
          <reporter-output>
          </reporter-output>
        </test-method> <!-- two_tc4 -->
      </class> <!-- org.start.Project102.Two -->
    </test> <!-- Test -->
  </suite> <!-- Suite -->
</testng-results>
